{
  "RSpec": {
    "coverage": {
      "/home/hoangnt/workspace/RubyOnRails/sample_app/config/environment.rb": [
        null,
        1,
        null,
        null,
        1
      ],
      "/home/hoangnt/workspace/RubyOnRails/sample_app/config/application.rb": [
        1,
        null,
        null,
        1,
        1,
        1,
        1,
        null,
        null,
        null,
        null,
        1,
        null,
        1,
        1,
        null,
        null,
        null,
        null,
        null,
        null,
        null,
        1,
        null,
        null,
        null,
        1,
        null,
        null
      ],
      "/home/hoangnt/workspace/RubyOnRails/sample_app/config/boot.rb": [
        null,
        1,
        null,
        1
      ],
      "/home/hoangnt/workspace/RubyOnRails/sample_app/config/environments/test.rb": [
        1,
        null,
        null,
        null,
        null,
        null,
        null,
        1,
        null,
        null,
        null,
        null,
        1,
        null,
        null,
        1,
        1,
        null,
        null,
        1,
        1,
        null,
        null,
        1,
        null,
        null,
        1,
        null,
        null,
        null,
        null,
        1,
        null,
        null,
        1,
        null,
        null,
        1,
        null
      ],
      "/home/hoangnt/workspace/RubyOnRails/sample_app/config/initializers/backtrace_silencers.rb": [
        null,
        null,
        null,
        null,
        null,
        null,
        null
      ],
      "/home/hoangnt/workspace/RubyOnRails/sample_app/config/initializers/filter_parameter_logging.rb": [
        null,
        null,
        null,
        1
      ],
      "/home/hoangnt/workspace/RubyOnRails/sample_app/config/initializers/inflections.rb": [
        null,
        null,
        null,
        null,
        null,
        null,
        null,
        null,
        null,
        null,
        null,
        null,
        null,
        null,
        null,
        null
      ],
      "/home/hoangnt/workspace/RubyOnRails/sample_app/config/initializers/mime_types.rb": [
        null,
        null,
        null,
        null,
        null
      ],
      "/home/hoangnt/workspace/RubyOnRails/sample_app/config/initializers/secret_token.rb": [
        null,
        null,
        null,
        null,
        null,
        null,
        null,
        null,
        null,
        null,
        null,
        1
      ],
      "/home/hoangnt/workspace/RubyOnRails/sample_app/config/initializers/session_store.rb": [
        null,
        null,
        1
      ],
      "/home/hoangnt/workspace/RubyOnRails/sample_app/config/initializers/wrap_parameters.rb": [
        null,
        null,
        null,
        null,
        null,
        null,
        1,
        1,
        null,
        null,
        null,
        null,
        null,
        null
      ],
      "/home/hoangnt/workspace/RubyOnRails/sample_app/spec/factories.rb": [
        1,
        1,
        1,
        1,
        1,
        1,
        null,
        null
      ],
      "/home/hoangnt/workspace/RubyOnRails/sample_app/config/routes.rb": [
        1,
        null,
        1,
        1,
        1,
        1,
        1,
        1,
        null,
        null,
        null,
        null,
        null,
        null,
        null,
        null,
        null,
        null,
        null,
        null,
        null,
        null,
        null,
        null,
        null,
        null,
        null,
        null,
        null,
        null,
        null,
        null,
        null,
        null,
        null,
        null,
        null,
        null,
        null,
        null,
        null,
        null,
        null,
        null,
        null,
        null,
        null,
        null,
        null,
        null,
        null,
        null,
        null,
        null,
        null,
        null,
        null,
        null,
        null,
        null,
        null,
        null,
        null,
        null,
        null
      ],
      "/home/hoangnt/workspace/RubyOnRails/sample_app/app/helpers/application_helper.rb": [
        1,
        null,
        1,
        17,
        17,
        3,
        null,
        14,
        null,
        null,
        null,
        null
      ],
      "/home/hoangnt/workspace/RubyOnRails/sample_app/app/helpers/static_pages_helper.rb": [
        1,
        null
      ],
      "/home/hoangnt/workspace/RubyOnRails/sample_app/app/helpers/users_helper.rb": [
        1,
        1,
        3,
        3,
        3,
        null,
        null
      ],
      "/home/hoangnt/workspace/RubyOnRails/sample_app/spec/support/utilities.rb": [
        null,
        1,
        5,
        5,
        1,
        null,
        4,
        null,
        null
      ],
      "/home/hoangnt/workspace/RubyOnRails/sample_app/app/models/user.rb": [
        1,
        9,
        null,
        1,
        1,
        1,
        null,
        1,
        1,
        null
      ],
      "/home/hoangnt/workspace/RubyOnRails/sample_app/spec/requests/static_pages_spec.rb": [
        1,
        null,
        1,
        null,
        10,
        null,
        1,
        4,
        null,
        2,
        2,
        2,
        null,
        null,
        1,
        3,
        null,
        2,
        2,
        null,
        null,
        1,
        3,
        null,
        2,
        2,
        null,
        null,
        1,
        3,
        2,
        2,
        null,
        null,
        null
      ],
      "/home/hoangnt/workspace/RubyOnRails/sample_app/spec/requests/user_pages_spec.rb": [
        1,
        null,
        1,
        5,
        null,
        1,
        5,
        null,
        2,
        2,
        null,
        1,
        1,
        2,
        null,
        null,
        null,
        1,
        1,
        1,
        1,
        1,
        1,
        null,
        1,
        1,
        null,
        null,
        null,
        null,
        null,
        null,
        null,
        1,
        3,
        null,
        3,
        null,
        2,
        2,
        null,
        null,
        null,
        null
      ],
      "/home/hoangnt/workspace/RubyOnRails/sample_app/app/controllers/static_pages_controller.rb": [
        1,
        1,
        null,
        null,
        1,
        null,
        null,
        1,
        null,
        null,
        1,
        null,
        null,
        null
      ],
      "/home/hoangnt/workspace/RubyOnRails/sample_app/app/controllers/application_controller.rb": [
        1,
        null,
        null,
        1,
        null
      ],
      "/home/hoangnt/workspace/RubyOnRails/sample_app/app/controllers/users_controller.rb": [
        1,
        1,
        4,
        null,
        null,
        1,
        3,
        null,
        null,
        1,
        2,
        2,
        1,
        1,
        null,
        1,
        null,
        null,
        null,
        1,
        1,
        2,
        null,
        null
      ]
    },
    "timestamp": 1398003985
  }
}
